[debug] [2023-08-20T04:07:59.800Z] ----------------------------------------------------------------------
[debug] [2023-08-20T04:07:59.803Z] Command:       C:\Program Files\nodejs\node.exe C:\Users\91938\AppData\Roaming\npm\node_modules\firebase-tools\lib\bin\firebase.js init hosting
[debug] [2023-08-20T04:07:59.804Z] CLI Version:   12.4.8
[debug] [2023-08-20T04:07:59.804Z] Platform:      win32
[debug] [2023-08-20T04:07:59.804Z] Node Version:  v18.16.0
[debug] [2023-08-20T04:07:59.805Z] Time:          Sun Aug 20 2023 09:37:59 GMT+0530 (India Standard Time)
[debug] [2023-08-20T04:07:59.806Z] ----------------------------------------------------------------------
[debug] 
[debug] [2023-08-20T04:07:59.810Z] >>> [apiv2][query] GET https://firebase-public.firebaseio.com/cli.json [none]
[debug] [2023-08-20T04:07:59.998Z] > command requires scopes: ["email","openid","https://www.googleapis.com/auth/cloudplatformprojects.readonly","https://www.googleapis.com/auth/firebase","https://www.googleapis.com/auth/cloud-platform"]
[debug] [2023-08-20T04:07:59.999Z] > authorizing via signed-in user (naveenmule7@gmail.com)
[info] 
     ######## #### ########  ######## ########     ###     ######  ########
     ##        ##  ##     ## ##       ##     ##  ##   ##  ##       ##
     ######    ##  ########  ######   ########  #########  ######  ######
     ##        ##  ##    ##  ##       ##     ## ##     ##       ## ##
     ##       #### ##     ## ######## ########  ##     ##  ######  ########

You're about to initialize a Firebase project in this directory:

  D:\ANGULAR\Angular\first-application

Before we get started, keep in mind:

  * You are initializing within an existing Firebase project directory

[debug] [2023-08-20T04:08:00.838Z] <<< [apiv2][status] GET https://firebase-public.firebaseio.com/cli.json 200
[debug] [2023-08-20T04:08:00.839Z] <<< [apiv2][body] GET https://firebase-public.firebaseio.com/cli.json {"cloudBuildErrorAfter":1594252800000,"cloudBuildWarnAfter":1590019200000,"defaultNode10After":1594252800000,"minVersion":"3.0.5","node8DeploysDisabledAfter":1613390400000,"node8RuntimeDisabledAfter":1615809600000,"node8WarnAfter":1600128000000}
[info] 
=== Project Setup
[info] 
[info] First, let's associate this project directory with a Firebase project.
[info] You can create multiple project aliases by running firebase use --add, 
[info] but for now we'll just set up a default project.
[info] 
[debug] [2023-08-20T04:08:08.547Z] Using project from CLI flag: first-angular-project-6ab07
[debug] [2023-08-20T04:08:08.549Z] > refreshing access token with scopes: []
[debug] [2023-08-20T04:08:08.550Z] >>> [apiv2][query] POST https://www.googleapis.com/oauth2/v3/token [none]
[debug] [2023-08-20T04:08:08.550Z] >>> [apiv2][body] POST https://www.googleapis.com/oauth2/v3/token [omitted]
[debug] [2023-08-20T04:08:08.926Z] <<< [apiv2][status] POST https://www.googleapis.com/oauth2/v3/token 200
[debug] [2023-08-20T04:08:08.926Z] <<< [apiv2][body] POST https://www.googleapis.com/oauth2/v3/token [omitted]
[debug] [2023-08-20T04:08:08.947Z] >>> [apiv2][query] GET https://firebase.googleapis.com/v1beta1/projects/first-angular-project-6ab07 [none]
[debug] [2023-08-20T04:08:09.844Z] <<< [apiv2][status] GET https://firebase.googleapis.com/v1beta1/projects/first-angular-project-6ab07 200
[debug] [2023-08-20T04:08:09.844Z] <<< [apiv2][body] GET https://firebase.googleapis.com/v1beta1/projects/first-angular-project-6ab07 {"projectId":"first-angular-project-6ab07","projectNumber":"48475615585","displayName":"first angular project","name":"projects/first-angular-project-6ab07","resources":{"hostingSite":"first-angular-project-6ab07"},"state":"ACTIVE","etag":"1_428e2d7e-157a-49df-8b94-a7c07076095a"}
[info] i  Using project first-angular-project-6ab07 (first angular project) 
[info] 
=== Hosting Setup
[info] 
[info] Your public directory is the folder (relative to your project directory) that
[info] will contain Hosting assets to be uploaded with firebase deploy. If you
[info] have a build process for your assets, use your build's output directory.
[info] 
[debug] [2023-08-20T04:09:21.389Z] >>> [apiv2][query] GET https://www.gstatic.com/firebasejs/releases.json [none]
[debug] [2023-08-20T04:09:21.730Z] <<< [apiv2][status] GET https://www.gstatic.com/firebasejs/releases.json 200
[debug] [2023-08-20T04:09:21.731Z] <<< [apiv2][body] GET https://www.gstatic.com/firebasejs/releases.json {"current":{"version":"10.2.0","browserURL":"https://www.gstatic.com/firebasejs/10.2.0/firebase.js","packageURL":"https://www.gstatic.com/firebasejs/10.2.0/firebase.tgz"},"live":{"version":"10.2","browserURL":"https://www.gstatic.com/firebasejs/live/10.2/firebase.js","packageURL":"https://www.gstatic.com/firebasejs/live/10.2/firebase.tgz"},"components":{"analytics":"https://www.gstatic.com/firebasejs/10.2.0/firebase-analytics.js","app":"https://www.gstatic.com/firebasejs/10.2.0/firebase-app.js","app-check":"https://www.gstatic.com/firebasejs/10.2.0/firebase-app-check.js","auth":"https://www.gstatic.com/firebasejs/10.2.0/firebase-auth.js","auth/cordova":"https://www.gstatic.com/firebasejs/10.2.0/firebase-auth/cordova.js","functions":"https://www.gstatic.com/firebasejs/10.2.0/firebase-functions.js","firestore":"https://www.gstatic.com/firebasejs/10.2.0/firebase-firestore.js","firestore/lite":"https://www.gstatic.com/firebasejs/10.2.0/firebase-firestore/lite.js","installations":"https://www.gstatic.com/firebasejs/10.2.0/firebase-installations.js","storage":"https://www.gstatic.com/firebasejs/10.2.0/firebase-storage.js","performance":"https://www.gstatic.com/firebasejs/10.2.0/firebase-performance.js","remote-config":"https://www.gstatic.com/firebasejs/10.2.0/firebase-remote-config.js","messaging":"https://www.gstatic.com/firebasejs/10.2.0/firebase-messaging.js","messaging/sw":"https://www.gstatic.com/firebasejs/10.2.0/firebase-messaging/sw.js","database":"https://www.gstatic.com/firebasejs/10.2.0/firebase-database.js","firestore.memory":"https://www.gstatic.com/firebasejs/10.2.0/firebase-firestore.memory.js"}}
[info] +  Wrote Yes/index.html 
[info] 
[info] i  Didn't detect a .git folder. Assuming D:\ANGULAR\Angular\first-application is the project root. 
[info] i  Authorizing with GitHub to upload your service account to a GitHub repository's secrets store. 
[info] 
[info] Visit this URL on this device to log in:
[info] https://github.com/login/oauth/authorize?client_id=89cf50f02ac6aaed3484&state=1065110169&redirect_uri=http%3A%2F%2Flocalhost%3A9005&scope=read%3Auser%20repo%20public_repo
[info] 
[info] Waiting for authentication...
